<?xml version="1.0" encoding="UTF-8"?>
<testsuite xmlns:xsi="http://www.w3.org/2001/XMLSchema-instance" xsi:noNamespaceSchemaLocation="https://maven.apache.org/surefire/maven-surefire-plugin/xsd/surefire-test-report-3.0.xsd" version="3.0" name="eql.SoapProject.LogicaldocTest" time="1.125" tests="1" errors="0" skipped="0" failures="0">
  <properties>
    <property name="sun.desktop" value="windows"/>
    <property name="awt.toolkit" value="sun.awt.windows.WToolkit"/>
    <property name="file.encoding.pkg" value="sun.io"/>
    <property name="java.specification.version" value="1.8"/>
    <property name="sun.cpu.isalist" value="amd64"/>
    <property name="sun.jnu.encoding" value="Cp1252"/>
    <property name="sun.awt.enableExtraMouseButtons" value="true"/>
    <property name="java.class.path" value="C:\Users\formation\Documents\Projet_SOAP_Workspace\SoapProject\target\test-classes;C:\Users\formation\Documents\Projet_SOAP_Workspace\SoapProject\target\classes;C:\Users\formation\.m2\repository\junit\junit\4.13.1\junit-4.13.1.jar;C:\Users\formation\.m2\repository\org\hamcrest\hamcrest-core\1.3\hamcrest-core-1.3.jar;C:\Installation\SmartBear\SoapUI-5.4.0\bin\soapui-5.4.0.jar;C:\Users\formation\.m2\repository\log4j\log4j\1.2.12\log4j-1.2.12.jar;C:\Installation\SmartBear\SoapUI-5.4.0\lib\xbean-fixed-2.4.0.jar;C:\Users\formation\.m2\repository\net\sf\squirrel-sql\thirdparty-non-maven\com-fifesoft-rsyntaxtextarea\1.0.0\com-fifesoft-rsyntaxtextarea-1.0.0.jar;C:\Installation\SmartBear\SoapUI-5.4.0\lib\commons-cli-1.2.jar;C:\Installation\SmartBear\SoapUI-5.4.0\lib\commons-io-2.4.jar;C:\Users\formation\.m2\repository\org\apache\httpcomponents\httpclient\4.1.1\httpclient-4.1.1.jar;C:\Users\formation\.m2\repository\org\apache\httpcomponents\httpcore\4.1\httpcore-4.1.jar;C:\Users\formation\.m2\repository\commons-logging\commons-logging\1.1.1\commons-logging-1.1.1.jar;C:\Users\formation\.m2\repository\commons-codec\commons-codec\1.4\commons-codec-1.4.jar;C:\Installation\SmartBear\SoapUI-5.4.0\lib\proxy-vole-20131209.jar;C:\Users\formation\.m2\repository\xalan\xalan\2.7.0\xalan-2.7.0.jar;C:\Users\formation\.m2\repository\xml-apis\xml-apis\1.0.b2\xml-apis-1.0.b2.jar;C:\Users\formation\.m2\repository\org\reflections\reflections\0.9.9-RC1\reflections-0.9.9-RC1.jar;C:\Users\formation\.m2\repository\com\google\guava\guava\11.0.2\guava-11.0.2.jar;C:\Users\formation\.m2\repository\com\google\code\findbugs\jsr305\1.3.9\jsr305-1.3.9.jar;C:\Users\formation\.m2\repository\org\javassist\javassist\3.16.1-GA\javassist-3.16.1-GA.jar;C:\Users\formation\.m2\repository\dom4j\dom4j\1.6.1\dom4j-1.6.1.jar;C:\Users\formation\.m2\repository\org\codehaus\groovy\groovy-all\2.4.4\groovy-all-2.4.4.jar;C:\Users\formation\.m2\repository\commons-lang\commons-lang\2.4\commons-lang-2.4.jar;C:\Users\formation\.m2\repository\org\bouncycastle\bcprov-jdk16\1.45\bcprov-jdk16-1.45.jar;C:\Users\formation\.m2\repository\wsdl4j\wsdl4j\1.6.2\wsdl4j-1.6.2.jar;C:\Users\formation\.m2\repository\com\jgoodies\jgoodies-forms\1.6.0\jgoodies-forms-1.6.0.jar;C:\Users\formation\.m2\repository\com\jgoodies\jgoodies-common\1.4.0\jgoodies-common-1.4.0.jar;C:\Users\formation\.m2\repository\xmlunit\xmlunit\1.2\xmlunit-1.2.jar;C:\Users\formation\.m2\repository\org\apache\flex\blazeds\flex-messaging-core\4.7.0\flex-messaging-core-4.7.0.jar;C:\Users\formation\.m2\repository\org\apache\flex\blazeds\flex-messaging-common\4.7.0\flex-messaging-common-4.7.0.jar;C:\Installation\Java\jdk1.8.0_152\lib\tools.jar;C:\Installation\SmartBear\SoapUI-5.4.0\lib\commons-collections-3.2.2.jar;C:\Installation\SmartBear\SoapUI-5.4.0\lib\jms-1.1.jar;C:\Users\formation\.m2\repository\javax\mail\mail\1.4\mail-1.4.jar;C:\Users\formation\.m2\repository\javax\activation\activation\1.1\activation-1.1.jar;C:\Users\formation\.m2\repository\commons-beanutils\commons-beanutils\1.7.0\commons-beanutils-1.7.0.jar;C:\Users\formation\.m2\repository\org\apache\logging\log4j\log4j-api\2.14.1\log4j-api-2.14.1.jar;C:\Users\formation\.m2\repository\org\apache\logging\log4j\log4j-core\2.14.1\log4j-core-2.14.1.jar;C:\Users\formation\.m2\repository\org\apache\logging\log4j\log4j-slf4j-impl\2.14.1\log4j-slf4j-impl-2.14.1.jar;C:\Users\formation\.m2\repository\org\slf4j\slf4j-api\1.7.25\slf4j-api-1.7.25.jar;C:\Installation\SmartBear\SoapUI-5.4.0\lib\analytics-core-5.4.0.jar;C:\Installation\SmartBear\SoapUI-5.4.0\lib\out-app-analytics-provider-5.4.0.jar;C:\Installation\SmartBear\SoapUI-5.4.0\lib\json-lib-2.2.2-jdk15.jar;C:\Users\formation\.m2\repository\org\apache\xmlbeans\xmlbeans-xpath\2.4.0\xmlbeans-xpath-2.4.0.jar;C:\Users\formation\.m2\repository\org\apache\xmlbeans\xmlbeans\2.4.0\xmlbeans-2.4.0.jar;C:\Users\formation\.m2\repository\stax\stax-api\1.0.1\stax-api-1.0.1.jar;C:\Users\formation\.m2\repository\net\sf\saxon\saxon-xpath\8.7\saxon-xpath-8.7.jar;C:\Installation\SmartBear\SoapUI-5.4.0\lib\saxon-9.1.0.8j.jar;C:\Installation\SmartBear\SoapUI-5.4.0\lib\saxon-dom-9.1.0.8j.jar;"/>
    <property name="java.vm.vendor" value="Oracle Corporation"/>
    <property name="sun.arch.data.model" value="64"/>
    <property name="user.variant" value=""/>
    <property name="java.vendor.url" value="http://java.oracle.com/"/>
    <property name="user.timezone" value="Europe/Paris"/>
    <property name="java.vm.specification.version" value="1.8"/>
    <property name="os.name" value="Windows 10"/>
    <property name="user.country" value="FR"/>
    <property name="sun.java.launcher" value="SUN_STANDARD"/>
    <property name="sun.boot.library.path" value="C:\Installation\Java\jre1.8.0_152\bin"/>
    <property name="sun.java.command" value="C:\Users\formation\AppData\Local\Temp\surefire8460268979237801471\surefirebooter4477844169356461052.jar C:\Users\formation\AppData\Local\Temp\surefire8460268979237801471 2021-12-10T11-01-34_987-jvmRun1 surefire4887682835124977267tmp surefire_01721644229805459511tmp"/>
    <property name="surefire.test.class.path" value="C:\Users\formation\Documents\Projet_SOAP_Workspace\SoapProject\target\test-classes;C:\Users\formation\Documents\Projet_SOAP_Workspace\SoapProject\target\classes;C:\Users\formation\.m2\repository\junit\junit\4.13.1\junit-4.13.1.jar;C:\Users\formation\.m2\repository\org\hamcrest\hamcrest-core\1.3\hamcrest-core-1.3.jar;C:\Installation\SmartBear\SoapUI-5.4.0\bin\soapui-5.4.0.jar;C:\Users\formation\.m2\repository\log4j\log4j\1.2.12\log4j-1.2.12.jar;C:\Installation\SmartBear\SoapUI-5.4.0\lib\xbean-fixed-2.4.0.jar;C:\Users\formation\.m2\repository\net\sf\squirrel-sql\thirdparty-non-maven\com-fifesoft-rsyntaxtextarea\1.0.0\com-fifesoft-rsyntaxtextarea-1.0.0.jar;C:\Installation\SmartBear\SoapUI-5.4.0\lib\commons-cli-1.2.jar;C:\Installation\SmartBear\SoapUI-5.4.0\lib\commons-io-2.4.jar;C:\Users\formation\.m2\repository\org\apache\httpcomponents\httpclient\4.1.1\httpclient-4.1.1.jar;C:\Users\formation\.m2\repository\org\apache\httpcomponents\httpcore\4.1\httpcore-4.1.jar;C:\Users\formation\.m2\repository\commons-logging\commons-logging\1.1.1\commons-logging-1.1.1.jar;C:\Users\formation\.m2\repository\commons-codec\commons-codec\1.4\commons-codec-1.4.jar;C:\Installation\SmartBear\SoapUI-5.4.0\lib\proxy-vole-20131209.jar;C:\Users\formation\.m2\repository\xalan\xalan\2.7.0\xalan-2.7.0.jar;C:\Users\formation\.m2\repository\xml-apis\xml-apis\1.0.b2\xml-apis-1.0.b2.jar;C:\Users\formation\.m2\repository\org\reflections\reflections\0.9.9-RC1\reflections-0.9.9-RC1.jar;C:\Users\formation\.m2\repository\com\google\guava\guava\11.0.2\guava-11.0.2.jar;C:\Users\formation\.m2\repository\com\google\code\findbugs\jsr305\1.3.9\jsr305-1.3.9.jar;C:\Users\formation\.m2\repository\org\javassist\javassist\3.16.1-GA\javassist-3.16.1-GA.jar;C:\Users\formation\.m2\repository\dom4j\dom4j\1.6.1\dom4j-1.6.1.jar;C:\Users\formation\.m2\repository\org\codehaus\groovy\groovy-all\2.4.4\groovy-all-2.4.4.jar;C:\Users\formation\.m2\repository\commons-lang\commons-lang\2.4\commons-lang-2.4.jar;C:\Users\formation\.m2\repository\org\bouncycastle\bcprov-jdk16\1.45\bcprov-jdk16-1.45.jar;C:\Users\formation\.m2\repository\wsdl4j\wsdl4j\1.6.2\wsdl4j-1.6.2.jar;C:\Users\formation\.m2\repository\com\jgoodies\jgoodies-forms\1.6.0\jgoodies-forms-1.6.0.jar;C:\Users\formation\.m2\repository\com\jgoodies\jgoodies-common\1.4.0\jgoodies-common-1.4.0.jar;C:\Users\formation\.m2\repository\xmlunit\xmlunit\1.2\xmlunit-1.2.jar;C:\Users\formation\.m2\repository\org\apache\flex\blazeds\flex-messaging-core\4.7.0\flex-messaging-core-4.7.0.jar;C:\Users\formation\.m2\repository\org\apache\flex\blazeds\flex-messaging-common\4.7.0\flex-messaging-common-4.7.0.jar;C:\Installation\Java\jdk1.8.0_152\lib\tools.jar;C:\Installation\SmartBear\SoapUI-5.4.0\lib\commons-collections-3.2.2.jar;C:\Installation\SmartBear\SoapUI-5.4.0\lib\jms-1.1.jar;C:\Users\formation\.m2\repository\javax\mail\mail\1.4\mail-1.4.jar;C:\Users\formation\.m2\repository\javax\activation\activation\1.1\activation-1.1.jar;C:\Users\formation\.m2\repository\commons-beanutils\commons-beanutils\1.7.0\commons-beanutils-1.7.0.jar;C:\Users\formation\.m2\repository\org\apache\logging\log4j\log4j-api\2.14.1\log4j-api-2.14.1.jar;C:\Users\formation\.m2\repository\org\apache\logging\log4j\log4j-core\2.14.1\log4j-core-2.14.1.jar;C:\Users\formation\.m2\repository\org\apache\logging\log4j\log4j-slf4j-impl\2.14.1\log4j-slf4j-impl-2.14.1.jar;C:\Users\formation\.m2\repository\org\slf4j\slf4j-api\1.7.25\slf4j-api-1.7.25.jar;C:\Installation\SmartBear\SoapUI-5.4.0\lib\analytics-core-5.4.0.jar;C:\Installation\SmartBear\SoapUI-5.4.0\lib\out-app-analytics-provider-5.4.0.jar;C:\Installation\SmartBear\SoapUI-5.4.0\lib\json-lib-2.2.2-jdk15.jar;C:\Users\formation\.m2\repository\org\apache\xmlbeans\xmlbeans-xpath\2.4.0\xmlbeans-xpath-2.4.0.jar;C:\Users\formation\.m2\repository\org\apache\xmlbeans\xmlbeans\2.4.0\xmlbeans-2.4.0.jar;C:\Users\formation\.m2\repository\stax\stax-api\1.0.1\stax-api-1.0.1.jar;C:\Users\formation\.m2\repository\net\sf\saxon\saxon-xpath\8.7\saxon-xpath-8.7.jar;C:\Installation\SmartBear\SoapUI-5.4.0\lib\saxon-9.1.0.8j.jar;C:\Installation\SmartBear\SoapUI-5.4.0\lib\saxon-dom-9.1.0.8j.jar;"/>
    <property name="sun.cpu.endian" value="little"/>
    <property name="user.home" value="C:\Users\formation"/>
    <property name="user.language" value="fr"/>
    <property name="java.specification.vendor" value="Oracle Corporation"/>
    <property name="java.home" value="C:\Installation\Java\jre1.8.0_152"/>
    <property name="basedir" value="C:\Users\formation\Documents\Projet_SOAP_Workspace\SoapProject"/>
    <property name="file.separator" value="\"/>
    <property name="line.separator" value="&#10;"/>
    <property name="java.vm.specification.vendor" value="Oracle Corporation"/>
    <property name="java.specification.name" value="Java Platform API Specification"/>
    <property name="java.awt.graphicsenv" value="sun.awt.Win32GraphicsEnvironment"/>
    <property name="surefire.real.class.path" value="C:\Users\formation\AppData\Local\Temp\surefire8460268979237801471\surefirebooter4477844169356461052.jar"/>
    <property name="sun.boot.class.path" value="C:\Installation\Java\jre1.8.0_152\lib\resources.jar;C:\Installation\Java\jre1.8.0_152\lib\rt.jar;C:\Installation\Java\jre1.8.0_152\lib\sunrsasign.jar;C:\Installation\Java\jre1.8.0_152\lib\jsse.jar;C:\Installation\Java\jre1.8.0_152\lib\jce.jar;C:\Installation\Java\jre1.8.0_152\lib\charsets.jar;C:\Installation\Java\jre1.8.0_152\lib\jfr.jar;C:\Installation\Java\jre1.8.0_152\classes"/>
    <property name="user.script" value=""/>
    <property name="sun.management.compiler" value="HotSpot 64-Bit Tiered Compilers"/>
    <property name="java.runtime.version" value="1.8.0_152-b16"/>
    <property name="user.name" value="formation"/>
    <property name="path.separator" value=";"/>
    <property name="os.version" value="10.0"/>
    <property name="java.endorsed.dirs" value="C:\Installation\Java\jre1.8.0_152\lib\endorsed"/>
    <property name="java.runtime.name" value="Java(TM) SE Runtime Environment"/>
    <property name="file.encoding" value="Cp1252"/>
    <property name="java.vm.name" value="Java HotSpot(TM) 64-Bit Server VM"/>
    <property name="localRepository" value="C:\Users\formation\.m2\repository"/>
    <property name="java.vendor.url.bug" value="http://bugreport.sun.com/bugreport/"/>
    <property name="java.io.tmpdir" value="C:\Users\FORMAT~1\AppData\Local\Temp\"/>
    <property name="java.version" value="1.8.0_152"/>
    <property name="user.dir" value="C:\Users\formation\Documents\Projet_SOAP_Workspace\SoapProject"/>
    <property name="os.arch" value="amd64"/>
    <property name="java.vm.specification.name" value="Java Virtual Machine Specification"/>
    <property name="java.awt.printerjob" value="sun.awt.windows.WPrinterJob"/>
    <property name="sun.os.patch.level" value=""/>
    <property name="java.library.path" value="C:\Installation\Java\jre1.8.0_152\bin;C:\WINDOWS\Sun\Java\bin;C:\WINDOWS\system32;C:\WINDOWS;C:\ProgramData\Oracle\Java\javapath;C:\Installation\Java\jdk1.8.0_152\bin;C:\Program Files (x86)\apache-maven-3.6.3\bin;C:\Program Files (x86)\apache-maven-3.6.3\bin;C:\Users\formation\AppData\Local\Android\Sdk\tools;C:\Users\formation\AppData\Local\Android\Sdk\platform-tools;C:\WINDOWS\system32;C:\WINDOWS;C:\WINDOWS\System32\Wbem;C:\WINDOWS\System32\WindowsPowerShell\v1.0\;C:\WINDOWS\System32\OpenSSH\;C:\Installation\wamp\bin\mysql\mysql5.1.36\bin;C:\INSTAL~1\Groovy\GROOVY~1.15\bin;C:\ProgramData\chocolatey\bin;C:\Program Files\Git\cmd;C:\Users\formation\AppData\Local\Microsoft\WindowsApps;;."/>
    <property name="java.vm.info" value="mixed mode"/>
    <property name="java.vendor" value="Oracle Corporation"/>
    <property name="java.vm.version" value="25.152-b16"/>
    <property name="java.ext.dirs" value="C:\Installation\Java\jre1.8.0_152\lib\ext;C:\WINDOWS\Sun\Java\lib\ext"/>
    <property name="sun.io.unicode.encoding" value="UnicodeLittle"/>
    <property name="java.class.version" value="52.0"/>
  </properties>
  <testcase name="JunitTest1" classname="eql.SoapProject.LogicaldocTest" time="1.123">
    <system-out><![CDATA[11:01:40,461 INFO  [WsdlProject] Loaded project from [file:/C:/Users/formation/Documents/Projet_SOAP_Workspace/SoapProject/src/test/resources/LOGICALDOC-BOOKMARKS-TEST-soapui-project.xml]
11:01:40,468 DEBUG [HttpClientSupport$SoapUIHttpClient] Attempt 1 to execute request
11:01:40,468 DEBUG [SoapUIMultiThreadedHttpConnectionManager$SoapUIDefaultClientConnection] Sending request: POST /logicaldoc/services/Auth HTTP/1.1
11:01:40,480 DEBUG [SoapUIMultiThreadedHttpConnectionManager$SoapUIDefaultClientConnection] Receiving response: HTTP/1.1 200 
11:01:40,480 DEBUG [HttpClientSupport$SoapUIHttpClient] Connection can be kept alive for 20000 MILLISECONDS
Progress: 1 - Loading Definition from cache
11:01:41,067 DEBUG [AbstractDefinitionContext] Loading Definition...
11:01:41,079 DEBUG [WsdlInterfaceDefinition] Loading WSDL: http://localhost:8080/logicaldoc/services/Document?wsdl
11:01:41,079 DEBUG [AbstractWsdlDefinitionLoader] Returning baseInputSource [http://localhost:8080/logicaldoc/services/Document?wsdl]
Retrieving document at 'http://localhost:8080/logicaldoc/services/Document?wsdl'.
11:01:41,098 ERROR [SoapUI] An error occurred [com.eviware.soapui.impl.support.definition.support.InvalidDefinitionException], see error log for details
11:01:41,104 ERROR [SoapUI] An error occurred [com.eviware.soapui.impl.support.definition.support.InvalidDefinitionException], see error log for details
11:01:41,105 WARN  [SoapUI] Failed to process inline/MTOM attachments; java.lang.Exception: Missing operation [create] in wsdl definition
Progress: 1 - Loading Definition from cache
11:01:41,112 DEBUG [AbstractDefinitionContext] Loading Definition...
11:01:41,113 DEBUG [WsdlInterfaceDefinition] Loading WSDL: http://localhost:8080/logicaldoc/services/Document?wsdl
11:01:41,113 DEBUG [AbstractWsdlDefinitionLoader] Returning baseInputSource [http://localhost:8080/logicaldoc/services/Document?wsdl]
Retrieving document at 'http://localhost:8080/logicaldoc/services/Document?wsdl'.
11:01:41,118 ERROR [SoapUI] An error occurred [com.eviware.soapui.impl.support.definition.support.InvalidDefinitionException], see error log for details
11:01:41,119 WARN  [AttachmentUtils] 
11:01:41,137 DEBUG [HttpClientSupport$SoapUIHttpClient] Stale connection check
11:01:41,153 DEBUG [HttpClientSupport$SoapUIHttpClient] Attempt 1 to execute request
11:01:41,153 DEBUG [SoapUIMultiThreadedHttpConnectionManager$SoapUIDefaultClientConnection] Sending request: POST /logicaldoc/services/Document HTTP/1.1
11:01:41,181 DEBUG [SoapUIMultiThreadedHttpConnectionManager$SoapUIDefaultClientConnection] Receiving response: HTTP/1.1 200 
11:01:41,182 DEBUG [HttpClientSupport$SoapUIHttpClient] Connection can be kept alive for 20000 MILLISECONDS
11:01:41,220 DEBUG [HttpClientSupport$SoapUIHttpClient] Stale connection check
11:01:41,230 DEBUG [HttpClientSupport$SoapUIHttpClient] Attempt 1 to execute request
11:01:41,230 DEBUG [SoapUIMultiThreadedHttpConnectionManager$SoapUIDefaultClientConnection] Sending request: POST /logicaldoc/services/Bookmark HTTP/1.1
11:01:41,242 DEBUG [SoapUIMultiThreadedHttpConnectionManager$SoapUIDefaultClientConnection] Receiving response: HTTP/1.1 200 
11:01:41,242 DEBUG [HttpClientSupport$SoapUIHttpClient] Connection can be kept alive for 20000 MILLISECONDS
11:01:41,244 DEBUG [HttpClientSupport$SoapUIHttpClient] Stale connection check
11:01:41,246 DEBUG [HttpClientSupport$SoapUIHttpClient] Attempt 1 to execute request
11:01:41,246 DEBUG [SoapUIMultiThreadedHttpConnectionManager$SoapUIDefaultClientConnection] Sending request: POST /logicaldoc/services/Bookmark HTTP/1.1
11:01:41,253 DEBUG [SoapUIMultiThreadedHttpConnectionManager$SoapUIDefaultClientConnection] Receiving response: HTTP/1.1 200 
11:01:41,254 DEBUG [HttpClientSupport$SoapUIHttpClient] Connection can be kept alive for 20000 MILLISECONDS
11:01:41,256 DEBUG [HttpClientSupport$SoapUIHttpClient] Stale connection check
11:01:41,262 DEBUG [HttpClientSupport$SoapUIHttpClient] Attempt 1 to execute request
11:01:41,262 DEBUG [SoapUIMultiThreadedHttpConnectionManager$SoapUIDefaultClientConnection] Sending request: POST /logicaldoc/services/Bookmark HTTP/1.1
11:01:41,271 DEBUG [SoapUIMultiThreadedHttpConnectionManager$SoapUIDefaultClientConnection] Receiving response: HTTP/1.1 200 
11:01:41,271 DEBUG [HttpClientSupport$SoapUIHttpClient] Connection can be kept alive for 20000 MILLISECONDS
11:01:41,272 DEBUG [HttpClientSupport$SoapUIHttpClient] Stale connection check
11:01:41,278 DEBUG [HttpClientSupport$SoapUIHttpClient] Attempt 1 to execute request
11:01:41,278 DEBUG [SoapUIMultiThreadedHttpConnectionManager$SoapUIDefaultClientConnection] Sending request: POST /logicaldoc/services/Bookmark HTTP/1.1
11:01:41,285 DEBUG [SoapUIMultiThreadedHttpConnectionManager$SoapUIDefaultClientConnection] Receiving response: HTTP/1.1 200 
11:01:41,285 DEBUG [HttpClientSupport$SoapUIHttpClient] Connection can be kept alive for 20000 MILLISECONDS
]]></system-out>
    <system-err><![CDATA[déc. 10, 2021 11:01:40 AM eql.SoapProject.LogicaldocTest JunitTest1
INFOS: ******Running BOOKMARK_DOCUMENT***********
déc. 10, 2021 11:01:40 AM eql.SoapProject.LogicaldocTest JunitTest1
INFOS: ******Running BOOKMARK_DOCUMENT***********
[Fatal Error] Document?wsdl:1:43: Le balisage du document précédant l'élément racine doit avoir un format correct.
com.eviware.soapui.impl.support.definition.support.InvalidDefinitionException
	at com.eviware.soapui.impl.wsdl.support.wsdl.WsdlInterfaceDefinition.load(WsdlInterfaceDefinition.java:52)
	at com.eviware.soapui.impl.wsdl.support.wsdl.WsdlContext.loadDefinition(WsdlContext.java:62)
	at com.eviware.soapui.impl.wsdl.support.wsdl.WsdlContext.loadDefinition(WsdlContext.java:34)
	at com.eviware.soapui.impl.support.definition.support.AbstractDefinitionContext.cacheDefinition(AbstractDefinitionContext.java:245)
	at com.eviware.soapui.impl.support.definition.support.AbstractDefinitionContext.access$400(AbstractDefinitionContext.java:47)
	at com.eviware.soapui.impl.support.definition.support.AbstractDefinitionContext$Loader.construct(AbstractDefinitionContext.java:218)
	at com.eviware.soapui.support.swing.SwingWorkerDelegator.construct(SwingWorkerDelegator.java:46)
	at com.eviware.soapui.support.swing.SwingWorker$2.run(SwingWorker.java:131)
	at java.lang.Thread.run(Unknown Source)
com.eviware.soapui.impl.support.definition.support.InvalidDefinitionException
	at com.eviware.soapui.impl.wsdl.support.wsdl.WsdlInterfaceDefinition.load(WsdlInterfaceDefinition.java:52)
	at com.eviware.soapui.impl.wsdl.support.wsdl.WsdlContext.loadDefinition(WsdlContext.java:62)
	at com.eviware.soapui.impl.wsdl.support.wsdl.WsdlContext.loadDefinition(WsdlContext.java:34)
	at com.eviware.soapui.impl.support.definition.support.AbstractDefinitionContext.cacheDefinition(AbstractDefinitionContext.java:245)
	at com.eviware.soapui.impl.support.definition.support.AbstractDefinitionContext.access$400(AbstractDefinitionContext.java:47)
	at com.eviware.soapui.impl.support.definition.support.AbstractDefinitionContext$Loader.construct(AbstractDefinitionContext.java:218)
	at com.eviware.soapui.support.swing.SwingWorkerDelegator.construct(SwingWorkerDelegator.java:46)
	at com.eviware.soapui.support.swing.SwingWorker$2.run(SwingWorker.java:131)
	at java.lang.Thread.run(Unknown Source)
[Fatal Error] Document?wsdl:1:43: Le balisage du document précédant l'élément racine doit avoir un format correct.
com.eviware.soapui.impl.support.definition.support.InvalidDefinitionException
	at com.eviware.soapui.impl.wsdl.support.wsdl.WsdlInterfaceDefinition.load(WsdlInterfaceDefinition.java:52)
	at com.eviware.soapui.impl.wsdl.support.wsdl.WsdlContext.loadDefinition(WsdlContext.java:62)
	at com.eviware.soapui.impl.wsdl.support.wsdl.WsdlContext.loadDefinition(WsdlContext.java:34)
	at com.eviware.soapui.impl.support.definition.support.AbstractDefinitionContext.cacheDefinition(AbstractDefinitionContext.java:245)
	at com.eviware.soapui.impl.support.definition.support.AbstractDefinitionContext.access$400(AbstractDefinitionContext.java:47)
	at com.eviware.soapui.impl.support.definition.support.AbstractDefinitionContext$Loader.construct(AbstractDefinitionContext.java:218)
	at com.eviware.soapui.support.swing.SwingWorkerDelegator.construct(SwingWorkerDelegator.java:46)
	at com.eviware.soapui.support.swing.SwingWorker$2.run(SwingWorker.java:131)
	at java.lang.Thread.run(Unknown Source)
]]></system-err>
  </testcase>
</testsuite>